<?xml version="1.0" encoding="UTF-8"?>
<testng-results ignored="0" total="1" passed="1" failed="0" skipped="0">
  <reporter-output>
  </reporter-output>
  <suite started-at="2021-08-19T17:51:04 IST" name="Default suite" finished-at="2021-08-19T17:51:04 IST" duration-ms="76">
    <groups>
    </groups>
    <test started-at="2021-08-19T17:51:04 IST" name="Default test" finished-at="2021-08-19T17:51:04 IST" duration-ms="76">
      <class name="pack1.TestngDemo">
        <test-method signature="add()[pri:0, instance:pack1.TestngDemo@69b2283a]" started-at="2021-08-19T17:51:04 IST" name="add" finished-at="2021-08-19T17:51:04 IST" duration-ms="11" status="PASS">
          <reporter-output>
          </reporter-output>
        </test-method> <!-- add -->
      </class> <!-- pack1.TestngDemo -->
    </test> <!-- Default test -->
  </suite> <!-- Default suite -->
</testng-results>
